c:\users\ian\source\repos\vulkan\vulkanrenderer\x64\debug\vc143.pdb
c:\users\ian\source\repos\vulkan\vulkanrenderer\x64\debug\vc143.idb
c:\users\ian\source\repos\vulkan\vulkanrenderer\x64\debug\vulkanrenderer.obj
c:\users\ian\source\repos\vulkan\vulkanrenderer\x64\debug\vulkanrenderer.ilk
c:\users\ian\source\repos\vulkan\x64\debug\vulkanrenderer.pdb
c:\users\ian\source\repos\vulkan\vulkanrenderer\x64\debug\vulkanrenderer.tlog\cl.command.1.tlog
c:\users\ian\source\repos\vulkan\vulkanrenderer\x64\debug\vulkanrenderer.tlog\cl.items.tlog
c:\users\ian\source\repos\vulkan\vulkanrenderer\x64\debug\vulkanrenderer.tlog\cl.read.1.tlog
c:\users\ian\source\repos\vulkan\vulkanrenderer\x64\debug\vulkanrenderer.tlog\cl.write.1.tlog
c:\users\ian\source\repos\vulkan\vulkanrenderer\x64\debug\vulkanrenderer.tlog\link.21176-cvtres.read.1.tlog
c:\users\ian\source\repos\vulkan\vulkanrenderer\x64\debug\vulkanrenderer.tlog\link.21176-cvtres.write.1.tlog
c:\users\ian\source\repos\vulkan\vulkanrenderer\x64\debug\vulkanrenderer.tlog\link.21176-rc.read.1.tlog
c:\users\ian\source\repos\vulkan\vulkanrenderer\x64\debug\vulkanrenderer.tlog\link.21176-rc.write.1.tlog
c:\users\ian\source\repos\vulkan\vulkanrenderer\x64\debug\vulkanrenderer.tlog\link.21176.read.1.tlog
c:\users\ian\source\repos\vulkan\vulkanrenderer\x64\debug\vulkanrenderer.tlog\link.21176.read.2.tlog
c:\users\ian\source\repos\vulkan\vulkanrenderer\x64\debug\vulkanrenderer.tlog\link.21176.write.1.tlog
c:\users\ian\source\repos\vulkan\vulkanrenderer\x64\debug\vulkanrenderer.tlog\link.command.1.tlog
c:\users\ian\source\repos\vulkan\vulkanrenderer\x64\debug\vulkanrenderer.tlog\link.read.1.tlog
c:\users\ian\source\repos\vulkan\vulkanrenderer\x64\debug\vulkanrenderer.tlog\link.secondary.1.tlog
c:\users\ian\source\repos\vulkan\vulkanrenderer\x64\debug\vulkanrenderer.tlog\link.write.1.tlog
